2023-01-03 08:24:57 | INFO | fairseq.distributed.utils | distributed init (rank 0): tcp://localhost:19507
2023-01-03 08:24:57 | INFO | fairseq.distributed.utils | distributed init (rank 3): tcp://localhost:19507
2023-01-03 08:24:57 | INFO | fairseq.distributed.utils | distributed init (rank 1): tcp://localhost:19507
2023-01-03 08:24:57 | INFO | fairseq.distributed.utils | distributed init (rank 2): tcp://localhost:19507
2023-01-03 08:24:57 | INFO | torch.distributed.distributed_c10d | Added key: store_based_barrier_key:1 to store for rank: 1
2023-01-03 08:24:57 | INFO | torch.distributed.distributed_c10d | Added key: store_based_barrier_key:1 to store for rank: 3
2023-01-03 08:24:57 | INFO | torch.distributed.distributed_c10d | Added key: store_based_barrier_key:1 to store for rank: 2
2023-01-03 08:24:57 | INFO | torch.distributed.distributed_c10d | Added key: store_based_barrier_key:1 to store for rank: 0
2023-01-03 08:24:57 | INFO | torch.distributed.distributed_c10d | Rank 0: Completed store-based barrier for key:store_based_barrier_key:1 with 4 nodes.
2023-01-03 08:24:57 | INFO | fairseq.distributed.utils | initialized host bessemer-node030.shef.ac.uk as rank 0
2023-01-03 08:24:57 | INFO | torch.distributed.distributed_c10d | Rank 1: Completed store-based barrier for key:store_based_barrier_key:1 with 4 nodes.
2023-01-03 08:24:57 | INFO | fairseq.distributed.utils | initialized host bessemer-node030.shef.ac.uk as rank 1
2023-01-03 08:24:57 | INFO | torch.distributed.distributed_c10d | Rank 3: Completed store-based barrier for key:store_based_barrier_key:1 with 4 nodes.
2023-01-03 08:24:57 | INFO | fairseq.distributed.utils | initialized host bessemer-node030.shef.ac.uk as rank 3
2023-01-03 08:24:57 | INFO | torch.distributed.distributed_c10d | Rank 2: Completed store-based barrier for key:store_based_barrier_key:1 with 4 nodes.
2023-01-03 08:24:57 | INFO | fairseq.distributed.utils | initialized host bessemer-node030.shef.ac.uk as rank 2
2023-01-03 08:25:04 | INFO | fairseq_cli.train | {'_name': None, 'common': {'_name': None, 'no_progress_bar': False, 'log_interval': 10, 'log_format': 'json', 'log_file': None, 'tensorboard_logdir': None, 'wandb_project': None, 'azureml_logging': False, 'seed': 3, 'cpu': False, 'tpu': False, 'bf16': False, 'memory_efficient_bf16': False, 'fp16': False, 'memory_efficient_fp16': False, 'fp16_no_flatten_grads': False, 'fp16_init_scale': 128, 'fp16_scale_window': None, 'fp16_scale_tolerance': 0.0, 'on_cpu_convert_precision': False, 'min_loss_scale': 0.0001, 'threshold_loss_scale': None, 'amp': False, 'amp_batch_retries': 2, 'amp_init_scale': 128, 'amp_scale_window': None, 'user_dir': None, 'empty_cache_freq': 0, 'all_gather_list_size': 16384, 'model_parallel_size': 1, 'quantization_config_path': None, 'profile': False, 'reset_logging': False, 'suppress_crashes': False, 'use_plasma_view': False, 'plasma_path': '/tmp/plasma'}, 'common_eval': {'_name': None, 'path': None, 'post_process': None, 'quiet': False, 'model_overrides': '{}', 'results_path': None}, 'distributed_training': {'_name': None, 'distributed_world_size': 4, 'distributed_num_procs': 4, 'distributed_rank': 0, 'distributed_backend': 'nccl', 'distributed_init_method': 'tcp://localhost:19507', 'distributed_port': -1, 'device_id': 0, 'distributed_no_spawn': False, 'ddp_backend': 'pytorch_ddp', 'ddp_comm_hook': 'none', 'bucket_cap_mb': 25, 'fix_batches_to_gpus': False, 'find_unused_parameters': False, 'gradient_as_bucket_view': False, 'fast_stat_sync': True, 'heartbeat_timeout': -1, 'broadcast_buffers': False, 'slowmo_momentum': None, 'slowmo_algorithm': 'LocalSGD', 'localsgd_frequency': 3, 'nprocs_per_node': 4, 'pipeline_model_parallel': False, 'pipeline_balance': None, 'pipeline_devices': None, 'pipeline_chunks': 0, 'pipeline_encoder_balance': None, 'pipeline_encoder_devices': None, 'pipeline_decoder_balance': None, 'pipeline_decoder_devices': None, 'pipeline_checkpoint': 'never', 'zero_sharding': 'none', 'fp16': False, 'memory_efficient_fp16': False, 'tpu': False, 'no_reshard_after_forward': False, 'fp32_reduce_scatter': False, 'cpu_offload': False, 'use_sharded_state': False}, 'dataset': {'_name': None, 'num_workers': 4, 'skip_invalid_size_inputs_valid_test': True, 'max_tokens': None, 'batch_size': 2, 'required_batch_size_multiple': 8, 'required_seq_len_multiple': 1024, 'dataset_impl': None, 'data_buffer_size': 10, 'train_subset': 'train', 'valid_subset': 'valid', 'combine_valid_subsets': True, 'ignore_unused_valid_subsets': False, 'validate_interval': 1, 'validate_interval_updates': 0, 'validate_after_updates': 0, 'fixed_validation_seed': None, 'disable_validation': False, 'max_tokens_valid': None, 'batch_size_valid': 2, 'max_valid_steps': None, 'curriculum': 0, 'gen_subset': 'test', 'num_shards': 1, 'shard_id': 0}, 'optimization': {'_name': None, 'max_epoch': 10, 'max_update': 0, 'stop_time_hours': 0.0, 'clip_norm': 0.1, 'sentence_avg': False, 'update_freq': [4], 'lr': [0.0001], 'stop_min_lr': -1.0, 'use_bmuf': False}, 'checkpoint': {'_name': None, 'save_dir': 'checkpoints/eLife/dual_encode', 'restore_file': '../checkpoints/model_100k.pt', 'finetune_from_model': None, 'reset_dataloader': False, 'reset_lr_scheduler': False, 'reset_meters': False, 'reset_optimizer': False, 'optimizer_overrides': '{}', 'save_interval': 1, 'save_interval_updates': 0, 'keep_interval_updates': -1, 'keep_interval_updates_pattern': -1, 'keep_last_epochs': -1, 'keep_best_checkpoints': -1, 'no_save': False, 'no_epoch_checkpoints': True, 'no_last_checkpoints': False, 'no_save_optimizer_state': False, 'best_checkpoint_metric': 'rouge_avg', 'maximize_best_checkpoint_metric': True, 'patience': -1, 'checkpoint_suffix': '', 'checkpoint_shard_count': 1, 'load_checkpoint_on_all_dp_ranks': False, 'write_checkpoints_asynchronously': False, 'model_parallel_size': 1}, 'bmuf': {'_name': None, 'block_lr': 1.0, 'block_momentum': 0.875, 'global_sync_iter': 50, 'warmup_iterations': 500, 'use_nbm': False, 'average_sync': False, 'distributed_world_size': 4}, 'generation': {'_name': None, 'beam': 5, 'nbest': 1, 'max_len_a': 0.0, 'max_len_b': 200, 'min_len': 1, 'match_source_len': False, 'unnormalized': False, 'no_early_stop': False, 'no_beamable_mm': False, 'lenpen': 1.0, 'unkpen': 0.0, 'replace_unk': None, 'sacrebleu': False, 'score_reference': False, 'prefix_size': 0, 'no_repeat_ngram_size': 0, 'sampling': False, 'sampling_topk': -1, 'sampling_topp': -1.0, 'constraints': None, 'temperature': 1.0, 'diverse_beam_groups': -1, 'diverse_beam_strength': 0.5, 'diversity_rate': -1.0, 'print_alignment': None, 'print_step': False, 'lm_path': None, 'lm_weight': 0.0, 'iter_decode_eos_penalty': 0.0, 'iter_decode_max_iter': 10, 'iter_decode_force_max_iter': False, 'iter_decode_with_beam': 1, 'iter_decode_with_external_reranker': False, 'retain_iter_history': False, 'retain_dropout': False, 'retain_dropout_modules': None, 'decoding_format': None, 'no_seed_provided': False}, 'eval_lm': {'_name': None, 'output_word_probs': False, 'output_word_stats': False, 'context_window': 0, 'softmax_batch': 9223372036854775807}, 'interactive': {'_name': None, 'buffer_size': 0, 'input': '-'}, 'model': Namespace(_name='bart_large', activation_fn='gelu', adam_betas='(0.9, 0.98)', adam_eps=1e-08, adaptive_softmax_cutoff=None, adaptive_softmax_dropout=0, all_gather_list_size=16384, amp=False, amp_batch_retries=2, amp_init_scale=128, amp_scale_window=None, arch='bart_large', attention_dropout=0.0, attention_name='block_noglobal', azureml_logging=False, batch_size=2, batch_size_valid=2, best_checkpoint_metric='rouge_avg', bf16=False, block_attention=False, block_size=1024, bpe=None, broadcast_buffers=False, bucket_cap_mb=25, checkpoint_activations=True, checkpoint_shard_count=1, checkpoint_suffix='', clip_norm=0.1, combine_valid_subsets=True, cpu=False, cpu_offload=False, criterion='label_smoothed_cross_entropy', curriculum=0, custom_dict='../checkpoints/dict.txt', data='/home/acp20tg/bart_ls/resources/eLife_fs-bin', data_buffer_size=10, dataset_impl=None, ddp_backend='pytorch_ddp', ddp_comm_hook='none', decoder_attention_heads=16, decoder_embed_dim=1024, decoder_embed_path=None, decoder_ffn_embed_dim=4096, decoder_input_dim=1024, decoder_layers=12, decoder_learned_pos=True, decoder_normalize_before=False, decoder_output_dim=1024, device_id=0, disable_validation=False, distributed_backend='nccl', distributed_init_method=None, distributed_no_spawn=False, distributed_num_procs=4, distributed_port=-1, distributed_rank=0, distributed_world_size=4, dropout=0.1, dual_graph_encoder=True, ema_decay=0.9999, ema_fp32=False, ema_seed_model=None, ema_start_update=0, ema_update_freq=1, empty_cache_freq=0, encoder_attention_heads=16, encoder_embed_dim=1024, encoder_embed_path=None, encoder_ffn_embed_dim=4096, encoder_layers=12, encoder_learned_pos=True, encoder_normalize_before=False, end_learning_rate=0.0, eos=2, eval_rouge=True, eval_rouge_args='{"beam": 4, "max_len_b": 700, "lenpen": 2.0, "no_repeat_ngram_size": 3, "min_len": 20}', eval_rouge_detok='space', eval_rouge_detok_args='{}', eval_rouge_print_samples=False, eval_rouge_remove_bpe=None, fast_stat_sync=True, find_unused_parameters=False, finetune_from_model=None, fix_batches_to_gpus=False, fixed_validation_seed=None, force_anneal=None, fp16=False, fp16_adam_stats=False, fp16_init_scale=128, fp16_no_flatten_grads=False, fp16_scale_tolerance=0.0, fp16_scale_window=None, fp32_reduce_scatter=False, gen_subset='test', gradient_as_bucket_view=False, heartbeat_timeout=-1, ignore_prefix_size=0, ignore_unused_valid_subsets=False, input_pattern='concat', keep_best_checkpoints=-1, keep_interval_updates=-1, keep_interval_updates_pattern=-1, keep_last_epochs=-1, label_smoothing=0.0, layernorm_embedding=True, left_pad_source=False, left_pad_target=False, load_alignments=False, load_checkpoint_on_all_dp_ranks=False, localsgd_frequency=3, log_file=None, log_format='json', log_interval=10, lr=[0.0001], lr_scheduler='polynomial_decay', max_epoch=10, max_query_positions=50, max_source_positions=16384, max_target_positions=1024, max_tokens=None, max_tokens_valid=None, max_update=0, max_valid_steps=None, maximize_best_checkpoint_metric=True, memory_efficient_bf16=False, memory_efficient_fp16=False, min_loss_scale=0.0001, model_parallel_size=1, no_epoch_checkpoints=True, no_last_checkpoints=False, no_progress_bar=False, no_reshard_after_forward=False, no_save=False, no_save_optimizer_state=False, no_scale_embedding=True, no_seed_provided=False, nprocs_per_node=4, num_batch_buckets=0, num_shards=1, num_workers=4, on_cpu_convert_precision=False, optimizer='adam', optimizer_overrides='{}', pad=1, pad_query=0, patience=-1, pipeline_balance=None, pipeline_checkpoint='never', pipeline_chunks=0, pipeline_decoder_balance=None, pipeline_decoder_devices=None, pipeline_devices=None, pipeline_encoder_balance=None, pipeline_encoder_devices=None, pipeline_model_parallel=False, plasma_path='/tmp/plasma', pooler_activation_fn='tanh', pooler_dropout=0.0, pooling_layers=4, power=1.0, profile=False, quantization_config_path=None, query_based=False, relu_dropout=0.0, report_accuracy=False, required_batch_size_multiple=8, required_seq_len_multiple=1024, reset_dataloader=False, reset_logging=False, reset_lr_scheduler=False, reset_meters=False, reset_optimizer=False, restore_file='../checkpoints/model_100k.pt', restrict_position_embed=False, save_dir='checkpoints/eLife/dual_encode', save_interval=1, save_interval_updates=0, scoring='bleu', seed=3, sentence_avg=False, shard_id=0, share_all_embeddings=True, share_decoder_input_output_embed=True, skip_invalid_size_inputs_valid_test=True, sliding_window=False, slowmo_algorithm='LocalSGD', slowmo_momentum=None, source_lang='src', stop_min_lr=-1.0, stop_time_hours=0, store_ema=False, suppress_crashes=False, target_lang='tgt', task='summarization', tensorboard_logdir=None, threshold_loss_scale=None, tokenizer=None, top_down=False, total_num_update='10000', tpu=False, train_subset='train', truncate_source=True, truncate_target=True, unk=3, update_freq=[4], upsample_primary=-1, use_bmuf=False, use_old_adam=False, use_plasma_view=False, use_sharded_state=False, use_xformers=True, user_dir=None, valid_subset='valid', validate_after_updates=0, validate_interval=1, validate_interval_updates=0, wandb_project=None, warmup_updates=500, weight_decay=0.0, write_checkpoints_asynchronously=False, zero_sharding='none'), 'task': {'_name': 'summarization', 'data': '/home/acp20tg/bart_ls/resources/eLife_fs-bin', 'source_lang': 'src', 'target_lang': 'tgt', 'load_alignments': False, 'left_pad_source': False, 'left_pad_target': False, 'max_source_positions': 16384, 'max_target_positions': 1024, 'upsample_primary': -1, 'truncate_source': True, 'truncate_target': True, 'query_lang': 'query', 'query_based': False, 'max_query_positions': 50, 'pad_query': 0, 'input_pattern': 'concat', 'block_size': 1024, 'num_batch_buckets': 0, 'train_subset': 'train', 'dataset_impl': None, 'required_seq_len_multiple': 1024, 'eval_rouge': True, 'eval_rouge_args': '{"beam": 4, "max_len_b": 700, "lenpen": 2.0, "no_repeat_ngram_size": 3, "min_len": 20}', 'eval_rouge_detok': 'space', 'eval_rouge_detok_args': '{}', 'eval_rouge_remove_bpe': None, 'eval_rouge_print_samples': False, 'custom_dict': '../checkpoints/dict.txt'}, 'criterion': {'_name': 'label_smoothed_cross_entropy', 'label_smoothing': 0.0, 'report_accuracy': False, 'ignore_prefix_size': 0, 'sentence_avg': False}, 'optimizer': {'_name': 'adam', 'adam_betas': '(0.9, 0.98)', 'adam_eps': 1e-08, 'weight_decay': 0.0, 'use_old_adam': False, 'fp16_adam_stats': False, 'tpu': False, 'lr': [0.0001]}, 'lr_scheduler': {'_name': 'polynomial_decay', 'warmup_updates': 500, 'force_anneal': None, 'end_learning_rate': 0.0, 'power': 1.0, 'total_num_update': 10000.0, 'lr': [0.0001]}, 'scoring': {'_name': 'bleu', 'pad': 1, 'eos': 2, 'unk': 3}, 'bpe': None, 'tokenizer': None, 'ema': {'_name': None, 'store_ema': False, 'ema_decay': 0.9999, 'ema_start_update': 0, 'ema_seed_model': None, 'ema_update_freq': 1, 'ema_fp32': False}}
2023-01-03 08:25:04 | INFO | fairseq.tasks.summarization | [src] dictionary: 50606 types
2023-01-03 08:25:04 | INFO | fairseq.tasks.summarization | [tgt] dictionary: 50606 types
Some weights of the model checkpoint at allenai/scibert_scivocab_uncased were not used when initializing BertModel: ['cls.predictions.transform.LayerNorm.bias', 'cls.seq_relationship.weight', 'cls.seq_relationship.bias', 'cls.predictions.bias', 'cls.predictions.transform.LayerNorm.weight', 'cls.predictions.transform.dense.bias', 'cls.predictions.decoder.weight', 'cls.predictions.transform.dense.weight', 'cls.predictions.decoder.bias']
- This IS expected if you are initializing BertModel from the checkpoint of a model trained on another task or with another architecture (e.g. initializing a BertForSequenceClassification model from a BertForPreTraining model).
- This IS NOT expected if you are initializing BertModel from the checkpoint of a model that you expect to be exactly identical (initializing a BertForSequenceClassification model from a BertForSequenceClassification model).
Some weights of the model checkpoint at allenai/scibert_scivocab_uncased were not used when initializing BertModel: ['cls.predictions.decoder.weight', 'cls.seq_relationship.weight', 'cls.predictions.transform.LayerNorm.bias', 'cls.seq_relationship.bias', 'cls.predictions.bias', 'cls.predictions.transform.dense.bias', 'cls.predictions.transform.dense.weight', 'cls.predictions.decoder.bias', 'cls.predictions.transform.LayerNorm.weight']
- This IS expected if you are initializing BertModel from the checkpoint of a model trained on another task or with another architecture (e.g. initializing a BertForSequenceClassification model from a BertForPreTraining model).
- This IS NOT expected if you are initializing BertModel from the checkpoint of a model that you expect to be exactly identical (initializing a BertForSequenceClassification model from a BertForSequenceClassification model).
Some weights of the model checkpoint at allenai/scibert_scivocab_uncased were not used when initializing BertModel: ['cls.predictions.decoder.weight', 'cls.predictions.transform.dense.weight', 'cls.seq_relationship.bias', 'cls.predictions.bias', 'cls.predictions.decoder.bias', 'cls.predictions.transform.LayerNorm.bias', 'cls.predictions.transform.LayerNorm.weight', 'cls.seq_relationship.weight', 'cls.predictions.transform.dense.bias']
- This IS expected if you are initializing BertModel from the checkpoint of a model trained on another task or with another architecture (e.g. initializing a BertForSequenceClassification model from a BertForPreTraining model).
- This IS NOT expected if you are initializing BertModel from the checkpoint of a model that you expect to be exactly identical (initializing a BertForSequenceClassification model from a BertForSequenceClassification model).
Some weights of the model checkpoint at allenai/scibert_scivocab_uncased were not used when initializing BertModel: ['cls.predictions.decoder.weight', 'cls.seq_relationship.weight', 'cls.predictions.bias', 'cls.predictions.transform.dense.bias', 'cls.predictions.transform.dense.weight', 'cls.predictions.decoder.bias', 'cls.predictions.transform.LayerNorm.weight', 'cls.seq_relationship.bias', 'cls.predictions.transform.LayerNorm.bias']
- This IS expected if you are initializing BertModel from the checkpoint of a model trained on another task or with another architecture (e.g. initializing a BertForSequenceClassification model from a BertForPreTraining model).
- This IS NOT expected if you are initializing BertModel from the checkpoint of a model that you expect to be exactly identical (initializing a BertForSequenceClassification model from a BertForSequenceClassification model).
2023-01-03 08:26:18 | INFO | fairseq_cli.train | BARTModel(
  (encoder): TransformerEncoderBase(
    (dropout_module): FairseqDropout()
    (embed_tokens): Embedding(50606, 1024, padding_idx=1)
    (embed_positions): LearnedPositionalEmbedding(16386, 1024, padding_idx=1)
    (layernorm_embedding): FusedLayerNorm(torch.Size([1024]), eps=1e-05, elementwise_affine=True)
    (layers): ModuleList(
      (0): TransformerEncoderLayerBase(
        (self_attn): MultiheadAttention(
          (dropout_module): FairseqDropout()
          (k_proj): Linear(in_features=1024, out_features=1024, bias=True)
          (v_proj): Linear(in_features=1024, out_features=1024, bias=True)
          (q_proj): Linear(in_features=1024, out_features=1024, bias=True)
          (out_proj): Linear(in_features=1024, out_features=1024, bias=True)
          (attention): BlockNoglobalAttention(
            (drop_attn): Dropout(p=0.0, inplace=False)
          )
        )
        (self_attn_layer_norm): FusedLayerNorm(torch.Size([1024]), eps=1e-05, elementwise_affine=True)
        (dropout_module): FairseqDropout()
        (activation_dropout_module): FairseqDropout()
        (fc1): Linear(in_features=1024, out_features=4096, bias=True)
        (fc2): Linear(in_features=4096, out_features=1024, bias=True)
        (final_layer_norm): FusedLayerNorm(torch.Size([1024]), eps=1e-05, elementwise_affine=True)
      )
      (1): TransformerEncoderLayerBase(
        (self_attn): MultiheadAttention(
          (dropout_module): FairseqDropout()
          (k_proj): Linear(in_features=1024, out_features=1024, bias=True)
          (v_proj): Linear(in_features=1024, out_features=1024, bias=True)
          (q_proj): Linear(in_features=1024, out_features=1024, bias=True)
          (out_proj): Linear(in_features=1024, out_features=1024, bias=True)
          (attention): BlockNoglobalAttention(
            (drop_attn): Dropout(p=0.0, inplace=False)
          )
        )
        (self_attn_layer_norm): FusedLayerNorm(torch.Size([1024]), eps=1e-05, elementwise_affine=True)
        (dropout_module): FairseqDropout()
        (activation_dropout_module): FairseqDropout()
        (fc1): Linear(in_features=1024, out_features=4096, bias=True)
        (fc2): Linear(in_features=4096, out_features=1024, bias=True)
        (final_layer_norm): FusedLayerNorm(torch.Size([1024]), eps=1e-05, elementwise_affine=True)
      )
      (2): TransformerEncoderLayerBase(
        (self_attn): MultiheadAttention(
          (dropout_module): FairseqDropout()
          (k_proj): Linear(in_features=1024, out_features=1024, bias=True)
          (v_proj): Linear(in_features=1024, out_features=1024, bias=True)
          (q_proj): Linear(in_features=1024, out_features=1024, bias=True)
          (out_proj): Linear(in_features=1024, out_features=1024, bias=True)
          (attention): BlockNoglobalAttention(
            (drop_attn): Dropout(p=0.0, inplace=False)
          )
        )
        (self_attn_layer_norm): FusedLayerNorm(torch.Size([1024]), eps=1e-05, elementwise_affine=True)
        (dropout_module): FairseqDropout()
        (activation_dropout_module): FairseqDropout()
        (fc1): Linear(in_features=1024, out_features=4096, bias=True)
        (fc2): Linear(in_features=4096, out_features=1024, bias=True)
        (final_layer_norm): FusedLayerNorm(torch.Size([1024]), eps=1e-05, elementwise_affine=True)
      )
      (3): TransformerEncoderLayerBase(
        (self_attn): MultiheadAttention(
          (dropout_module): FairseqDropout()
          (k_proj): Linear(in_features=1024, out_features=1024, bias=True)
          (v_proj): Linear(in_features=1024, out_features=1024, bias=True)
          (q_proj): Linear(in_features=1024, out_features=1024, bias=True)
          (out_proj): Linear(in_features=1024, out_features=1024, bias=True)
          (attention): BlockNoglobalAttention(
            (drop_attn): Dropout(p=0.0, inplace=False)
          )
        )
        (self_attn_layer_norm): FusedLayerNorm(torch.Size([1024]), eps=1e-05, elementwise_affine=True)
        (dropout_module): FairseqDropout()
        (activation_dropout_module): FairseqDropout()
        (fc1): Linear(in_features=1024, out_features=4096, bias=True)
        (fc2): Linear(in_features=4096, out_features=1024, bias=True)
        (final_layer_norm): FusedLayerNorm(torch.Size([1024]), eps=1e-05, elementwise_affine=True)
      )
      (4): TransformerEncoderLayerBase(
        (self_attn): MultiheadAttention(
          (dropout_module): FairseqDropout()
          (k_proj): Linear(in_features=1024, out_features=1024, bias=True)
          (v_proj): Linear(in_features=1024, out_features=1024, bias=True)
          (q_proj): Linear(in_features=1024, out_features=1024, bias=True)
          (out_proj): Linear(in_features=1024, out_features=1024, bias=True)
          (attention): BlockNoglobalAttention(
            (drop_attn): Dropout(p=0.0, inplace=False)
          )
        )
        (self_attn_layer_norm): FusedLayerNorm(torch.Size([1024]), eps=1e-05, elementwise_affine=True)
        (dropout_module): FairseqDropout()
        (activation_dropout_module): FairseqDropout()
        (fc1): Linear(in_features=1024, out_features=4096, bias=True)
        (fc2): Linear(in_features=4096, out_features=1024, bias=True)
        (final_layer_norm): FusedLayerNorm(torch.Size([1024]), eps=1e-05, elementwise_affine=True)
      )
      (5): TransformerEncoderLayerBase(
        (self_attn): MultiheadAttention(
          (dropout_module): FairseqDropout()
          (k_proj): Linear(in_features=1024, out_features=1024, bias=True)
          (v_proj): Linear(in_features=1024, out_features=1024, bias=True)
          (q_proj): Linear(in_features=1024, out_features=1024, bias=True)
          (out_proj): Linear(in_features=1024, out_features=1024, bias=True)
          (attention): BlockNoglobalAttention(
            (drop_attn): Dropout(p=0.0, inplace=False)
          )
        )
        (self_attn_layer_norm): FusedLayerNorm(torch.Size([1024]), eps=1e-05, elementwise_affine=True)
        (dropout_module): FairseqDropout()
        (activation_dropout_module): FairseqDropout()
        (fc1): Linear(in_features=1024, out_features=4096, bias=True)
        (fc2): Linear(in_features=4096, out_features=1024, bias=True)
        (final_layer_norm): FusedLayerNorm(torch.Size([1024]), eps=1e-05, elementwise_affine=True)
      )
      (6): TransformerEncoderLayerBase(
        (self_attn): MultiheadAttention(
          (dropout_module): FairseqDropout()
          (k_proj): Linear(in_features=1024, out_features=1024, bias=True)
          (v_proj): Linear(in_features=1024, out_features=1024, bias=True)
          (q_proj): Linear(in_features=1024, out_features=1024, bias=True)
          (out_proj): Linear(in_features=1024, out_features=1024, bias=True)
          (attention): BlockNoglobalAttention(
            (drop_attn): Dropout(p=0.0, inplace=False)
          )
        )
        (self_attn_layer_norm): FusedLayerNorm(torch.Size([1024]), eps=1e-05, elementwise_affine=True)
        (dropout_module): FairseqDropout()
        (activation_dropout_module): FairseqDropout()
        (fc1): Linear(in_features=1024, out_features=4096, bias=True)
        (fc2): Linear(in_features=4096, out_features=1024, bias=True)
        (final_layer_norm): FusedLayerNorm(torch.Size([1024]), eps=1e-05, elementwise_affine=True)
      )
      (7): TransformerEncoderLayerBase(
        (self_attn): MultiheadAttention(
          (dropout_module): FairseqDropout()
          (k_proj): Linear(in_features=1024, out_features=1024, bias=True)
          (v_proj): Linear(in_features=1024, out_features=1024, bias=True)
          (q_proj): Linear(in_features=1024, out_features=1024, bias=True)
          (out_proj): Linear(in_features=1024, out_features=1024, bias=True)
          (attention): BlockNoglobalAttention(
            (drop_attn): Dropout(p=0.0, inplace=False)
          )
        )
        (self_attn_layer_norm): FusedLayerNorm(torch.Size([1024]), eps=1e-05, elementwise_affine=True)
        (dropout_module): FairseqDropout()
        (activation_dropout_module): FairseqDropout()
        (fc1): Linear(in_features=1024, out_features=4096, bias=True)
        (fc2): Linear(in_features=4096, out_features=1024, bias=True)
        (final_layer_norm): FusedLayerNorm(torch.Size([1024]), eps=1e-05, elementwise_affine=True)
      )
      (8): PoolEncoderLayer(
        (self_attn): MultiheadAttention(
          (dropout_module): FairseqDropout()
          (k_proj): Linear(in_features=1024, out_features=1024, bias=True)
          (v_proj): Linear(in_features=1024, out_features=1024, bias=True)
          (q_proj): Linear(in_features=1024, out_features=1024, bias=True)
          (out_proj): Linear(in_features=1024, out_features=1024, bias=True)
          (attention): BlockNoglobalAttention(
            (drop_attn): Dropout(p=0.0, inplace=False)
          )
        )
        (self_attn_layer_norm): FusedLayerNorm(torch.Size([1024]), eps=1e-05, elementwise_affine=True)
        (dropout_module): FairseqDropout()
        (activation_dropout_module): FairseqDropout()
        (fc1): Linear(in_features=1024, out_features=4096, bias=True)
        (fc2): Linear(in_features=4096, out_features=1024, bias=True)
        (final_layer_norm): FusedLayerNorm(torch.Size([1024]), eps=1e-05, elementwise_affine=True)
        (top_pool): AvgPool1d(kernel_size=(18,), stride=(12,), padding=(9,))
        (top_pool_mask): AvgPool1d(kernel_size=(18,), stride=(12,), padding=(9,))
        (pool_attn): MultiheadAttentionNoProj(
          (dropout_module): FairseqDropout()
          (k_proj): Linear(in_features=1024, out_features=1024, bias=True)
          (v_proj): Linear(in_features=1024, out_features=1024, bias=True)
          (q_proj): Linear(in_features=1024, out_features=1024, bias=True)
          (out_proj): Linear(in_features=1024, out_features=1024, bias=True)
        )
      )
      (9): PoolEncoderLayer(
        (self_attn): MultiheadAttention(
          (dropout_module): FairseqDropout()
          (k_proj): Linear(in_features=1024, out_features=1024, bias=True)
          (v_proj): Linear(in_features=1024, out_features=1024, bias=True)
          (q_proj): Linear(in_features=1024, out_features=1024, bias=True)
          (out_proj): Linear(in_features=1024, out_features=1024, bias=True)
          (attention): BlockNoglobalAttention(
            (drop_attn): Dropout(p=0.0, inplace=False)
          )
        )
        (self_attn_layer_norm): FusedLayerNorm(torch.Size([1024]), eps=1e-05, elementwise_affine=True)
        (dropout_module): FairseqDropout()
        (activation_dropout_module): FairseqDropout()
        (fc1): Linear(in_features=1024, out_features=4096, bias=True)
        (fc2): Linear(in_features=4096, out_features=1024, bias=True)
        (final_layer_norm): FusedLayerNorm(torch.Size([1024]), eps=1e-05, elementwise_affine=True)
        (top_pool): AvgPool1d(kernel_size=(18,), stride=(12,), padding=(9,))
        (top_pool_mask): AvgPool1d(kernel_size=(18,), stride=(12,), padding=(9,))
        (pool_attn): MultiheadAttentionNoProj(
          (dropout_module): FairseqDropout()
          (k_proj): Linear(in_features=1024, out_features=1024, bias=True)
          (v_proj): Linear(in_features=1024, out_features=1024, bias=True)
          (q_proj): Linear(in_features=1024, out_features=1024, bias=True)
          (out_proj): Linear(in_features=1024, out_features=1024, bias=True)
        )
      )
      (10): PoolEncoderLayer(
        (self_attn): MultiheadAttention(
          (dropout_module): FairseqDropout()
          (k_proj): Linear(in_features=1024, out_features=1024, bias=True)
          (v_proj): Linear(in_features=1024, out_features=1024, bias=True)
          (q_proj): Linear(in_features=1024, out_features=1024, bias=True)
          (out_proj): Linear(in_features=1024, out_features=1024, bias=True)
          (attention): BlockNoglobalAttention(
            (drop_attn): Dropout(p=0.0, inplace=False)
          )
        )
        (self_attn_layer_norm): FusedLayerNorm(torch.Size([1024]), eps=1e-05, elementwise_affine=True)
        (dropout_module): FairseqDropout()
        (activation_dropout_module): FairseqDropout()
        (fc1): Linear(in_features=1024, out_features=4096, bias=True)
        (fc2): Linear(in_features=4096, out_features=1024, bias=True)
        (final_layer_norm): FusedLayerNorm(torch.Size([1024]), eps=1e-05, elementwise_affine=True)
        (top_pool): AvgPool1d(kernel_size=(18,), stride=(12,), padding=(9,))
        (top_pool_mask): AvgPool1d(kernel_size=(18,), stride=(12,), padding=(9,))
        (pool_attn): MultiheadAttentionNoProj(
          (dropout_module): FairseqDropout()
          (k_proj): Linear(in_features=1024, out_features=1024, bias=True)
          (v_proj): Linear(in_features=1024, out_features=1024, bias=True)
          (q_proj): Linear(in_features=1024, out_features=1024, bias=True)
          (out_proj): Linear(in_features=1024, out_features=1024, bias=True)
        )
      )
      (11): PoolEncoderLayer(
        (self_attn): MultiheadAttention(
          (dropout_module): FairseqDropout()
          (k_proj): Linear(in_features=1024, out_features=1024, bias=True)
          (v_proj): Linear(in_features=1024, out_features=1024, bias=True)
          (q_proj): Linear(in_features=1024, out_features=1024, bias=True)
          (out_proj): Linear(in_features=1024, out_features=1024, bias=True)
          (attention): BlockNoglobalAttention(
            (drop_attn): Dropout(p=0.0, inplace=False)
          )
        )
        (self_attn_layer_norm): FusedLayerNorm(torch.Size([1024]), eps=1e-05, elementwise_affine=True)
        (dropout_module): FairseqDropout()
        (activation_dropout_module): FairseqDropout()
        (fc1): Linear(in_features=1024, out_features=4096, bias=True)
        (fc2): Linear(in_features=4096, out_features=1024, bias=True)
        (final_layer_norm): FusedLayerNorm(torch.Size([1024]), eps=1e-05, elementwise_affine=True)
        (top_pool): AvgPool1d(kernel_size=(18,), stride=(12,), padding=(9,))
        (top_pool_mask): AvgPool1d(kernel_size=(18,), stride=(12,), padding=(9,))
        (pool_attn): MultiheadAttentionNoProj(
          (dropout_module): FairseqDropout()
          (k_proj): Linear(in_features=1024, out_features=1024, bias=True)
          (v_proj): Linear(in_features=1024, out_features=1024, bias=True)
          (q_proj): Linear(in_features=1024, out_features=1024, bias=True)
          (out_proj): Linear(in_features=1024, out_features=1024, bias=True)
        )
      )
    )
  )
  (decoder): TransformerDecoderBase(
    (dropout_module): FairseqDropout()
    (embed_tokens): Embedding(50606, 1024, padding_idx=1)
    (embed_positions): LearnedPositionalEmbedding(1026, 1024, padding_idx=1)
    (layernorm_embedding): FusedLayerNorm(torch.Size([1024]), eps=1e-05, elementwise_affine=True)
    (layers): ModuleList(
      (0): TransformerDecoderLayerBase(
        (dropout_module): FairseqDropout()
        (self_attn): MultiheadAttention(
          (dropout_module): FairseqDropout()
          (k_proj): Linear(in_features=1024, out_features=1024, bias=True)
          (v_proj): Linear(in_features=1024, out_features=1024, bias=True)
          (q_proj): Linear(in_features=1024, out_features=1024, bias=True)
          (out_proj): Linear(in_features=1024, out_features=1024, bias=True)
        )
        (activation_dropout_module): FairseqDropout()
        (self_attn_layer_norm): FusedLayerNorm(torch.Size([1024]), eps=1e-05, elementwise_affine=True)
        (encoder_attn): MultiheadAttention(
          (dropout_module): FairseqDropout()
          (k_proj): Linear(in_features=1024, out_features=1024, bias=True)
          (v_proj): Linear(in_features=1024, out_features=1024, bias=True)
          (q_proj): Linear(in_features=1024, out_features=1024, bias=True)
          (out_proj): Linear(in_features=1024, out_features=1024, bias=True)
        )
        (encoder_attn_layer_norm): FusedLayerNorm(torch.Size([1024]), eps=1e-05, elementwise_affine=True)
        (fc1): Linear(in_features=1024, out_features=4096, bias=True)
        (fc2): Linear(in_features=4096, out_features=1024, bias=True)
        (final_layer_norm): FusedLayerNorm(torch.Size([1024]), eps=1e-05, elementwise_affine=True)
      )
      (1): TransformerDecoderLayerBase(
        (dropout_module): FairseqDropout()
        (self_attn): MultiheadAttention(
          (dropout_module): FairseqDropout()
          (k_proj): Linear(in_features=1024, out_features=1024, bias=True)
          (v_proj): Linear(in_features=1024, out_features=1024, bias=True)
          (q_proj): Linear(in_features=1024, out_features=1024, bias=True)
          (out_proj): Linear(in_features=1024, out_features=1024, bias=True)
        )
        (activation_dropout_module): FairseqDropout()
        (self_attn_layer_norm): FusedLayerNorm(torch.Size([1024]), eps=1e-05, elementwise_affine=True)
        (encoder_attn): MultiheadAttention(
          (dropout_module): FairseqDropout()
          (k_proj): Linear(in_features=1024, out_features=1024, bias=True)
          (v_proj): Linear(in_features=1024, out_features=1024, bias=True)
          (q_proj): Linear(in_features=1024, out_features=1024, bias=True)
          (out_proj): Linear(in_features=1024, out_features=1024, bias=True)
        )
        (encoder_attn_layer_norm): FusedLayerNorm(torch.Size([1024]), eps=1e-05, elementwise_affine=True)
        (fc1): Linear(in_features=1024, out_features=4096, bias=True)
        (fc2): Linear(in_features=4096, out_features=1024, bias=True)
        (final_layer_norm): FusedLayerNorm(torch.Size([1024]), eps=1e-05, elementwise_affine=True)
      )
      (2): TransformerDecoderLayerBase(
        (dropout_module): FairseqDropout()
        (self_attn): MultiheadAttention(
          (dropout_module): FairseqDropout()
          (k_proj): Linear(in_features=1024, out_features=1024, bias=True)
          (v_proj): Linear(in_features=1024, out_features=1024, bias=True)
          (q_proj): Linear(in_features=1024, out_features=1024, bias=True)
          (out_proj): Linear(in_features=1024, out_features=1024, bias=True)
        )
        (activation_dropout_module): FairseqDropout()
        (self_attn_layer_norm): FusedLayerNorm(torch.Size([1024]), eps=1e-05, elementwise_affine=True)
        (encoder_attn): MultiheadAttention(
          (dropout_module): FairseqDropout()
          (k_proj): Linear(in_features=1024, out_features=1024, bias=True)
          (v_proj): Linear(in_features=1024, out_features=1024, bias=True)
          (q_proj): Linear(in_features=1024, out_features=1024, bias=True)
          (out_proj): Linear(in_features=1024, out_features=1024, bias=True)
        )
        (encoder_attn_layer_norm): FusedLayerNorm(torch.Size([1024]), eps=1e-05, elementwise_affine=True)
        (fc1): Linear(in_features=1024, out_features=4096, bias=True)
        (fc2): Linear(in_features=4096, out_features=1024, bias=True)
        (final_layer_norm): FusedLayerNorm(torch.Size([1024]), eps=1e-05, elementwise_affine=True)
      )
      (3): TransformerDecoderLayerBase(
        (dropout_module): FairseqDropout()
        (self_attn): MultiheadAttention(
          (dropout_module): FairseqDropout()
          (k_proj): Linear(in_features=1024, out_features=1024, bias=True)
          (v_proj): Linear(in_features=1024, out_features=1024, bias=True)
          (q_proj): Linear(in_features=1024, out_features=1024, bias=True)
          (out_proj): Linear(in_features=1024, out_features=1024, bias=True)
        )
        (activation_dropout_module): FairseqDropout()
        (self_attn_layer_norm): FusedLayerNorm(torch.Size([1024]), eps=1e-05, elementwise_affine=True)
        (encoder_attn): MultiheadAttention(
          (dropout_module): FairseqDropout()
          (k_proj): Linear(in_features=1024, out_features=1024, bias=True)
          (v_proj): Linear(in_features=1024, out_features=1024, bias=True)
          (q_proj): Linear(in_features=1024, out_features=1024, bias=True)
          (out_proj): Linear(in_features=1024, out_features=1024, bias=True)
        )
        (encoder_attn_layer_norm): FusedLayerNorm(torch.Size([1024]), eps=1e-05, elementwise_affine=True)
        (fc1): Linear(in_features=1024, out_features=4096, bias=True)
        (fc2): Linear(in_features=4096, out_features=1024, bias=True)
        (final_layer_norm): FusedLayerNorm(torch.Size([1024]), eps=1e-05, elementwise_affine=True)
      )
      (4): TransformerDecoderLayerBase(
        (dropout_module): FairseqDropout()
        (self_attn): MultiheadAttention(
          (dropout_module): FairseqDropout()
          (k_proj): Linear(in_features=1024, out_features=1024, bias=True)
          (v_proj): Linear(in_features=1024, out_features=1024, bias=True)
          (q_proj): Linear(in_features=1024, out_features=1024, bias=True)
          (out_proj): Linear(in_features=1024, out_features=1024, bias=True)
        )
        (activation_dropout_module): FairseqDropout()
        (self_attn_layer_norm): FusedLayerNorm(torch.Size([1024]), eps=1e-05, elementwise_affine=True)
        (encoder_attn): MultiheadAttention(
          (dropout_module): FairseqDropout()
          (k_proj): Linear(in_features=1024, out_features=1024, bias=True)
          (v_proj): Linear(in_features=1024, out_features=1024, bias=True)
          (q_proj): Linear(in_features=1024, out_features=1024, bias=True)
          (out_proj): Linear(in_features=1024, out_features=1024, bias=True)
        )
        (encoder_attn_layer_norm): FusedLayerNorm(torch.Size([1024]), eps=1e-05, elementwise_affine=True)
        (fc1): Linear(in_features=1024, out_features=4096, bias=True)
        (fc2): Linear(in_features=4096, out_features=1024, bias=True)
        (final_layer_norm): FusedLayerNorm(torch.Size([1024]), eps=1e-05, elementwise_affine=True)
      )
      (5): TransformerDecoderLayerBase(
        (dropout_module): FairseqDropout()
        (self_attn): MultiheadAttention(
          (dropout_module): FairseqDropout()
          (k_proj): Linear(in_features=1024, out_features=1024, bias=True)
          (v_proj): Linear(in_features=1024, out_features=1024, bias=True)
          (q_proj): Linear(in_features=1024, out_features=1024, bias=True)
          (out_proj): Linear(in_features=1024, out_features=1024, bias=True)
        )
        (activation_dropout_module): FairseqDropout()
        (self_attn_layer_norm): FusedLayerNorm(torch.Size([1024]), eps=1e-05, elementwise_affine=True)
        (encoder_attn): MultiheadAttention(
          (dropout_module): FairseqDropout()
          (k_proj): Linear(in_features=1024, out_features=1024, bias=True)
          (v_proj): Linear(in_features=1024, out_features=1024, bias=True)
          (q_proj): Linear(in_features=1024, out_features=1024, bias=True)
          (out_proj): Linear(in_features=1024, out_features=1024, bias=True)
        )
        (encoder_attn_layer_norm): FusedLayerNorm(torch.Size([1024]), eps=1e-05, elementwise_affine=True)
        (fc1): Linear(in_features=1024, out_features=4096, bias=True)
        (fc2): Linear(in_features=4096, out_features=1024, bias=True)
        (final_layer_norm): FusedLayerNorm(torch.Size([1024]), eps=1e-05, elementwise_affine=True)
      )
      (6): TransformerDecoderLayerBase(
        (dropout_module): FairseqDropout()
        (self_attn): MultiheadAttention(
          (dropout_module): FairseqDropout()
          (k_proj): Linear(in_features=1024, out_features=1024, bias=True)
          (v_proj): Linear(in_features=1024, out_features=1024, bias=True)
          (q_proj): Linear(in_features=1024, out_features=1024, bias=True)
          (out_proj): Linear(in_features=1024, out_features=1024, bias=True)
        )
        (activation_dropout_module): FairseqDropout()
        (self_attn_layer_norm): FusedLayerNorm(torch.Size([1024]), eps=1e-05, elementwise_affine=True)
        (encoder_attn): MultiheadAttention(
          (dropout_module): FairseqDropout()
          (k_proj): Linear(in_features=1024, out_features=1024, bias=True)
          (v_proj): Linear(in_features=1024, out_features=1024, bias=True)
          (q_proj): Linear(in_features=1024, out_features=1024, bias=True)
          (out_proj): Linear(in_features=1024, out_features=1024, bias=True)
        )
        (encoder_attn_layer_norm): FusedLayerNorm(torch.Size([1024]), eps=1e-05, elementwise_affine=True)
        (fc1): Linear(in_features=1024, out_features=4096, bias=True)
        (fc2): Linear(in_features=4096, out_features=1024, bias=True)
        (final_layer_norm): FusedLayerNorm(torch.Size([1024]), eps=1e-05, elementwise_affine=True)
      )
      (7): TransformerDecoderLayerBase(
        (dropout_module): FairseqDropout()
        (self_attn): MultiheadAttention(
          (dropout_module): FairseqDropout()
          (k_proj): Linear(in_features=1024, out_features=1024, bias=True)
          (v_proj): Linear(in_features=1024, out_features=1024, bias=True)
          (q_proj): Linear(in_features=1024, out_features=1024, bias=True)
          (out_proj): Linear(in_features=1024, out_features=1024, bias=True)
        )
        (activation_dropout_module): FairseqDropout()
        (self_attn_layer_norm): FusedLayerNorm(torch.Size([1024]), eps=1e-05, elementwise_affine=True)
        (encoder_attn): MultiheadAttention(
          (dropout_module): FairseqDropout()
          (k_proj): Linear(in_features=1024, out_features=1024, bias=True)
          (v_proj): Linear(in_features=1024, out_features=1024, bias=True)
          (q_proj): Linear(in_features=1024, out_features=1024, bias=True)
          (out_proj): Linear(in_features=1024, out_features=1024, bias=True)
        )
        (encoder_attn_layer_norm): FusedLayerNorm(torch.Size([1024]), eps=1e-05, elementwise_affine=True)
        (fc1): Linear(in_features=1024, out_features=4096, bias=True)
        (fc2): Linear(in_features=4096, out_features=1024, bias=True)
        (final_layer_norm): FusedLayerNorm(torch.Size([1024]), eps=1e-05, elementwise_affine=True)
      )
      (8): TransformerDecoderLayerBase(
        (dropout_module): FairseqDropout()
        (self_attn): MultiheadAttention(
          (dropout_module): FairseqDropout()
          (k_proj): Linear(in_features=1024, out_features=1024, bias=True)
          (v_proj): Linear(in_features=1024, out_features=1024, bias=True)
          (q_proj): Linear(in_features=1024, out_features=1024, bias=True)
          (out_proj): Linear(in_features=1024, out_features=1024, bias=True)
        )
        (activation_dropout_module): FairseqDropout()
        (self_attn_layer_norm): FusedLayerNorm(torch.Size([1024]), eps=1e-05, elementwise_affine=True)
        (encoder_attn): MultiheadAttention(
          (dropout_module): FairseqDropout()
          (k_proj): Linear(in_features=1024, out_features=1024, bias=True)
          (v_proj): Linear(in_features=1024, out_features=1024, bias=True)
          (q_proj): Linear(in_features=1024, out_features=1024, bias=True)
          (out_proj): Linear(in_features=1024, out_features=1024, bias=True)
        )
        (encoder_attn_layer_norm): FusedLayerNorm(torch.Size([1024]), eps=1e-05, elementwise_affine=True)
        (fc1): Linear(in_features=1024, out_features=4096, bias=True)
        (fc2): Linear(in_features=4096, out_features=1024, bias=True)
        (final_layer_norm): FusedLayerNorm(torch.Size([1024]), eps=1e-05, elementwise_affine=True)
      )
      (9): TransformerDecoderLayerBase(
        (dropout_module): FairseqDropout()
        (self_attn): MultiheadAttention(
          (dropout_module): FairseqDropout()
          (k_proj): Linear(in_features=1024, out_features=1024, bias=True)
          (v_proj): Linear(in_features=1024, out_features=1024, bias=True)
          (q_proj): Linear(in_features=1024, out_features=1024, bias=True)
          (out_proj): Linear(in_features=1024, out_features=1024, bias=True)
        )
        (activation_dropout_module): FairseqDropout()
        (self_attn_layer_norm): FusedLayerNorm(torch.Size([1024]), eps=1e-05, elementwise_affine=True)
        (encoder_attn): MultiheadAttention(
          (dropout_module): FairseqDropout()
          (k_proj): Linear(in_features=1024, out_features=1024, bias=True)
          (v_proj): Linear(in_features=1024, out_features=1024, bias=True)
          (q_proj): Linear(in_features=1024, out_features=1024, bias=True)
          (out_proj): Linear(in_features=1024, out_features=1024, bias=True)
        )
        (encoder_attn_layer_norm): FusedLayerNorm(torch.Size([1024]), eps=1e-05, elementwise_affine=True)
        (fc1): Linear(in_features=1024, out_features=4096, bias=True)
        (fc2): Linear(in_features=4096, out_features=1024, bias=True)
        (final_layer_norm): FusedLayerNorm(torch.Size([1024]), eps=1e-05, elementwise_affine=True)
      )
      (10): TransformerDecoderLayerBase(
        (dropout_module): FairseqDropout()
        (self_attn): MultiheadAttention(
          (dropout_module): FairseqDropout()
          (k_proj): Linear(in_features=1024, out_features=1024, bias=True)
          (v_proj): Linear(in_features=1024, out_features=1024, bias=True)
          (q_proj): Linear(in_features=1024, out_features=1024, bias=True)
          (out_proj): Linear(in_features=1024, out_features=1024, bias=True)
        )
        (activation_dropout_module): FairseqDropout()
        (self_attn_layer_norm): FusedLayerNorm(torch.Size([1024]), eps=1e-05, elementwise_affine=True)
        (encoder_attn): MultiheadAttention(
          (dropout_module): FairseqDropout()
          (k_proj): Linear(in_features=1024, out_features=1024, bias=True)
          (v_proj): Linear(in_features=1024, out_features=1024, bias=True)
          (q_proj): Linear(in_features=1024, out_features=1024, bias=True)
          (out_proj): Linear(in_features=1024, out_features=1024, bias=True)
        )
        (encoder_attn_layer_norm): FusedLayerNorm(torch.Size([1024]), eps=1e-05, elementwise_affine=True)
        (fc1): Linear(in_features=1024, out_features=4096, bias=True)
        (fc2): Linear(in_features=4096, out_features=1024, bias=True)
        (final_layer_norm): FusedLayerNorm(torch.Size([1024]), eps=1e-05, elementwise_affine=True)
      )
      (11): TransformerDecoderLayerBase(
        (dropout_module): FairseqDropout()
        (self_attn): MultiheadAttention(
          (dropout_module): FairseqDropout()
          (k_proj): Linear(in_features=1024, out_features=1024, bias=True)
          (v_proj): Linear(in_features=1024, out_features=1024, bias=True)
          (q_proj): Linear(in_features=1024, out_features=1024, bias=True)
          (out_proj): Linear(in_features=1024, out_features=1024, bias=True)
        )
        (activation_dropout_module): FairseqDropout()
        (self_attn_layer_norm): FusedLayerNorm(torch.Size([1024]), eps=1e-05, elementwise_affine=True)
        (encoder_attn): MultiheadAttention(
          (dropout_module): FairseqDropout()
          (k_proj): Linear(in_features=1024, out_features=1024, bias=True)
          (v_proj): Linear(in_features=1024, out_features=1024, bias=True)
          (q_proj): Linear(in_features=1024, out_features=1024, bias=True)
          (out_proj): Linear(in_features=1024, out_features=1024, bias=True)
        )
        (encoder_attn_layer_norm): FusedLayerNorm(torch.Size([1024]), eps=1e-05, elementwise_affine=True)
        (fc1): Linear(in_features=1024, out_features=4096, bias=True)
        (fc2): Linear(in_features=4096, out_features=1024, bias=True)
        (final_layer_norm): FusedLayerNorm(torch.Size([1024]), eps=1e-05, elementwise_affine=True)
      )
    )
    (output_projection): Linear(in_features=1024, out_features=50606, bias=False)
  )
  (classification_heads): ModuleDict()
  (graph_cross_attention): MultiheadAttention(
    (out_proj): NonDynamicallyQuantizableLinear(in_features=1024, out_features=1024, bias=True)
  )
)
2023-01-03 08:26:18 | INFO | fairseq_cli.train | task: SummarizationTask
2023-01-03 08:26:18 | INFO | fairseq_cli.train | model: BARTModel
2023-01-03 08:26:18 | INFO | fairseq_cli.train | criterion: LabelSmoothedCrossEntropyCriterion
2023-01-03 08:26:18 | INFO | fairseq_cli.train | num. shared model params: 443,361,280 (num. trained: 443,361,280)
2023-01-03 08:26:18 | INFO | fairseq_cli.train | num. expert model params: 0 (num. trained: 0)
2023-01-03 08:26:18 | INFO | fairseq.data.data_utils | loaded 241 examples from: /home/acp20tg/bart_ls/resources/eLife_fs-bin/valid.src-tgt.src
2023-01-03 08:26:18 | INFO | fairseq.data.data_utils | loaded 241 examples from: /home/acp20tg/bart_ls/resources/eLife_fs-bin/valid.src-tgt.tgt
2023-01-03 08:26:18 | INFO | fairseq.tasks.translation | /home/acp20tg/bart_ls/resources/eLife_fs-bin valid src-tgt 241 examples
2023-01-03 08:26:18 | INFO | torch.distributed.distributed_c10d | Added key: store_based_barrier_key:2 to store for rank: 0
2023-01-03 08:26:18 | INFO | torch.distributed.distributed_c10d | Rank 0: Completed store-based barrier for key:store_based_barrier_key:2 with 4 nodes.
2023-01-03 08:26:18 | INFO | fairseq.trainer | detected shared parameter: encoder.embed_tokens.weight <- decoder.embed_tokens.weight
2023-01-03 08:26:18 | INFO | fairseq.trainer | detected shared parameter: encoder.embed_tokens.weight <- decoder.output_projection.weight
2023-01-03 08:26:18 | INFO | fairseq.trainer | detected shared parameter: decoder.output_projection.bias <- graph_cross_attention.q_proj_weight
2023-01-03 08:26:18 | INFO | fairseq.trainer | detected shared parameter: decoder.output_projection.bias <- graph_cross_attention.k_proj_weight
2023-01-03 08:26:18 | INFO | fairseq.trainer | detected shared parameter: decoder.output_projection.bias <- graph_cross_attention.v_proj_weight
2023-01-03 08:26:19 | INFO | fairseq.utils | ***********************CUDA enviroments for all 4 workers***********************
2023-01-03 08:26:19 | INFO | fairseq.utils | rank   0: capabilities =  7.0  ; total memory = 31.749 GB ; name = Tesla V100-SXM2-32GB                    
2023-01-03 08:26:19 | INFO | fairseq.utils | rank   1: capabilities =  7.0  ; total memory = 31.749 GB ; name = Tesla V100-SXM2-32GB                    
2023-01-03 08:26:19 | INFO | fairseq.utils | rank   2: capabilities =  7.0  ; total memory = 31.749 GB ; name = Tesla V100-SXM2-32GB                    
2023-01-03 08:26:19 | INFO | fairseq.utils | rank   3: capabilities =  7.0  ; total memory = 31.749 GB ; name = Tesla V100-SXM2-32GB                    
2023-01-03 08:26:19 | INFO | fairseq.utils | ***********************CUDA enviroments for all 4 workers***********************
2023-01-03 08:26:19 | INFO | fairseq_cli.train | training on 4 devices (GPUs/TPUs)
2023-01-03 08:26:19 | INFO | fairseq_cli.train | max tokens per device = None and max sentences per device = 2
2023-01-03 08:26:19 | INFO | fairseq.trainer | Preparing to load checkpoint ../checkpoints/model_100k.pt
2023-01-03 08:26:53 | INFO | fairseq.trainer | NOTE: your device may support faster training with --fp16 or --amp
2023-01-03 08:26:53 | INFO | fairseq.optim.adam | using FusedAdam
2023-01-03 08:26:53 | INFO | fairseq.trainer | Loaded checkpoint ../checkpoints/model_100k.pt (epoch 1 @ 0 updates)
2023-01-03 08:26:53 | INFO | fairseq.trainer | loading train data for epoch 1
2023-01-03 08:26:53 | INFO | fairseq.data.data_utils | loaded 4,346 examples from: /home/acp20tg/bart_ls/resources/eLife_fs-bin/train.src-tgt.src
2023-01-03 08:26:53 | INFO | fairseq.data.data_utils | loaded 4,346 examples from: /home/acp20tg/bart_ls/resources/eLife_fs-bin/train.src-tgt.tgt
2023-01-03 08:26:53 | INFO | fairseq.tasks.translation | /home/acp20tg/bart_ls/resources/eLife_fs-bin train src-tgt 4346 examples
2023-01-03 08:26:53 | INFO | fairseq.trainer | begin training epoch 1
2023-01-03 08:26:53 | INFO | fairseq_cli.train | Start iterating over samples
/home/acp20tg/.conda/envs/bart-ls/lib/python3.8/site-packages/torch/utils/data/dataloader.py:563: UserWarning: This DataLoader will create 4 worker processes in total. Our suggested max number of worker in current system is 1, which is smaller than what this DataLoader is going to create. Please be aware that excessive worker creation might get DataLoader running slow or even freeze, lower the worker number to avoid potential slowness/freeze if necessary.
  warnings.warn(_create_warning_msg(
/home/acp20tg/.conda/envs/bart-ls/lib/python3.8/site-packages/torch/utils/data/dataloader.py:563: UserWarning: This DataLoader will create 4 worker processes in total. Our suggested max number of worker in current system is 1, which is smaller than what this DataLoader is going to create. Please be aware that excessive worker creation might get DataLoader running slow or even freeze, lower the worker number to avoid potential slowness/freeze if necessary.
  warnings.warn(_create_warning_msg(
/home/acp20tg/.conda/envs/bart-ls/lib/python3.8/site-packages/torch/utils/data/dataloader.py:563: UserWarning: This DataLoader will create 4 worker processes in total. Our suggested max number of worker in current system is 1, which is smaller than what this DataLoader is going to create. Please be aware that excessive worker creation might get DataLoader running slow or even freeze, lower the worker number to avoid potential slowness/freeze if necessary.
  warnings.warn(_create_warning_msg(
/home/acp20tg/.conda/envs/bart-ls/lib/python3.8/site-packages/torch/utils/data/dataloader.py:563: UserWarning: This DataLoader will create 4 worker processes in total. Our suggested max number of worker in current system is 1, which is smaller than what this DataLoader is going to create. Please be aware that excessive worker creation might get DataLoader running slow or even freeze, lower the worker number to avoid potential slowness/freeze if necessary.
  warnings.warn(_create_warning_msg(
2023-01-03 08:29:54 | INFO | torch.nn.parallel.distributed | Reducer buckets have been rebuilt in this iteration.
2023-01-03 08:33:26 | WARNING | fairseq.trainer | OOM: Ran out of memory with exception: CUDA out of memory. Tried to allocate 2.67 GiB (GPU 2; 31.75 GiB total capacity; 22.38 GiB already allocated; 406.19 MiB free; 29.74 GiB reserved in total by PyTorch) If reserved memory is >> allocated memory try setting max_split_size_mb to avoid fragmentation.  See documentation for Memory Management and PYTORCH_CUDA_ALLOC_CONF
2023-01-03 08:33:26 | WARNING | fairseq.trainer | |===========================================================================|
|                  PyTorch CUDA memory summary, device ID 0                 |
|---------------------------------------------------------------------------|
|            CUDA OOMs: 0            |        cudaMalloc retries: 0         |
|===========================================================================|
|        Metric         | Cur Usage  | Peak Usage | Tot Alloc  | Tot Freed  |
|---------------------------------------------------------------------------|
| Allocated memory      |       0 B  |       0 B  |       0 B  |       0 B  |
|       from large pool |       0 B  |       0 B  |       0 B  |       0 B  |
|       from small pool |       0 B  |       0 B  |       0 B  |       0 B  |
|---------------------------------------------------------------------------|
| Active memory         |       0 B  |       0 B  |       0 B  |       0 B  |
|       from large pool |       0 B  |       0 B  |       0 B  |       0 B  |
|       from small pool |       0 B  |       0 B  |       0 B  |       0 B  |
|---------------------------------------------------------------------------|
| GPU reserved memory   |       0 B  |       0 B  |       0 B  |       0 B  |
|       from large pool |       0 B  |       0 B  |       0 B  |       0 B  |
|       from small pool |       0 B  |       0 B  |       0 B  |       0 B  |
|---------------------------------------------------------------------------|
| Non-releasable memory |       0 B  |       0 B  |       0 B  |       0 B  |
|       from large pool |       0 B  |       0 B  |       0 B  |       0 B  |
|       from small pool |       0 B  |       0 B  |       0 B  |       0 B  |
|---------------------------------------------------------------------------|
| Allocations           |       0    |       0    |       0    |       0    |
|       from large pool |       0    |       0    |       0    |       0    |
|       from small pool |       0    |       0    |       0    |       0    |
|---------------------------------------------------------------------------|
| Active allocs         |       0    |       0    |       0    |       0    |
|       from large pool |       0    |       0    |       0    |       0    |
|       from small pool |       0    |       0    |       0    |       0    |
|---------------------------------------------------------------------------|
| GPU reserved segments |       0    |       0    |       0    |       0    |
|       from large pool |       0    |       0    |       0    |       0    |
|       from small pool |       0    |       0    |       0    |       0    |
|---------------------------------------------------------------------------|
| Non-releasable allocs |       0    |       0    |       0    |       0    |
|       from large pool |       0    |       0    |       0    |       0    |
|       from small pool |       0    |       0    |       0    |       0    |
|---------------------------------------------------------------------------|
| Oversize allocations  |       0    |       0    |       0    |       0    |
|---------------------------------------------------------------------------|
| Oversize GPU segments |       0    |       0    |       0    |       0    |
|===========================================================================|

2023-01-03 08:33:26 | WARNING | fairseq.trainer | |===========================================================================|
|                  PyTorch CUDA memory summary, device ID 1                 |
|---------------------------------------------------------------------------|
|            CUDA OOMs: 0            |        cudaMalloc retries: 0         |
|===========================================================================|
|        Metric         | Cur Usage  | Peak Usage | Tot Alloc  | Tot Freed  |
|---------------------------------------------------------------------------|
| Allocated memory      |       0 B  |       0 B  |       0 B  |       0 B  |
|       from large pool |       0 B  |       0 B  |       0 B  |       0 B  |
|       from small pool |       0 B  |       0 B  |       0 B  |       0 B  |
|---------------------------------------------------------------------------|
| Active memory         |       0 B  |       0 B  |       0 B  |       0 B  |
|       from large pool |       0 B  |       0 B  |       0 B  |       0 B  |
|       from small pool |       0 B  |       0 B  |       0 B  |       0 B  |
|---------------------------------------------------------------------------|
| GPU reserved memory   |       0 B  |       0 B  |       0 B  |       0 B  |
|       from large pool |       0 B  |       0 B  |       0 B  |       0 B  |
|       from small pool |       0 B  |       0 B  |       0 B  |       0 B  |
|---------------------------------------------------------------------------|
| Non-releasable memory |       0 B  |       0 B  |       0 B  |       0 B  |
|       from large pool |       0 B  |       0 B  |       0 B  |       0 B  |
|       from small pool |       0 B  |       0 B  |       0 B  |       0 B  |
|---------------------------------------------------------------------------|
| Allocations           |       0    |       0    |       0    |       0    |
|       from large pool |       0    |       0    |       0    |       0    |
|       from small pool |       0    |       0    |       0    |       0    |
|---------------------------------------------------------------------------|
| Active allocs         |       0    |       0    |       0    |       0    |
|       from large pool |       0    |       0    |       0    |       0    |
|       from small pool |       0    |       0    |       0    |       0    |
|---------------------------------------------------------------------------|
| GPU reserved segments |       0    |       0    |       0    |       0    |
|       from large pool |       0    |       0    |       0    |       0    |
|       from small pool |       0    |       0    |       0    |       0    |
|---------------------------------------------------------------------------|
| Non-releasable allocs |       0    |       0    |       0    |       0    |
|       from large pool |       0    |       0    |       0    |       0    |
|       from small pool |       0    |       0    |       0    |       0    |
|---------------------------------------------------------------------------|
| Oversize allocations  |       0    |       0    |       0    |       0    |
|---------------------------------------------------------------------------|
| Oversize GPU segments |       0    |       0    |       0    |       0    |
|===========================================================================|

2023-01-03 08:33:26 | WARNING | fairseq.trainer | |===========================================================================|
|                  PyTorch CUDA memory summary, device ID 2                 |
|---------------------------------------------------------------------------|
|            CUDA OOMs: 1            |        cudaMalloc retries: 3         |
|===========================================================================|
|        Metric         | Cur Usage  | Peak Usage | Tot Alloc  | Tot Freed  |
|---------------------------------------------------------------------------|
| Allocated memory      |   16989 MB |   24001 MB |    8252 GB |    8235 GB |
|       from large pool |   16938 MB |   23944 MB |    8024 GB |    8007 GB |
|       from small pool |      51 MB |      58 MB |     227 GB |     227 GB |
|---------------------------------------------------------------------------|
| Active memory         |   16989 MB |   24001 MB |    8252 GB |    8235 GB |
|       from large pool |   16938 MB |   23944 MB |    8024 GB |    8007 GB |
|       from small pool |      51 MB |      58 MB |     227 GB |     227 GB |
|---------------------------------------------------------------------------|
| GPU reserved memory   |   30458 MB |   30466 MB |   87990 MB |   57532 MB |
|       from large pool |   30404 MB |   30404 MB |   87852 MB |   57448 MB |
|       from small pool |      54 MB |      62 MB |     138 MB |      84 MB |
|---------------------------------------------------------------------------|
| Non-releasable memory |    8004 MB |   12786 MB |    4919 GB |    4911 GB |
|       from large pool |    8001 MB |   12782 MB |    4687 GB |    4679 GB |
|       from small pool |       2 MB |      30 MB |     231 GB |     231 GB |
|---------------------------------------------------------------------------|
| Allocations           |    3129    |    4077    |  659226    |  656097    |
|       from large pool |    1009    |    1058    |   79512    |   78503    |
|       from small pool |    2120    |    3020    |  579714    |  577594    |
|---------------------------------------------------------------------------|
| Active allocs         |    3129    |    4077    |  659226    |  656097    |
|       from large pool |    1009    |    1058    |   79512    |   78503    |
|       from small pool |    2120    |    3020    |  579714    |  577594    |
|---------------------------------------------------------------------------|
| GPU reserved segments |     261    |     265    |     373    |     112    |
|       from large pool |     234    |     234    |     304    |      70    |
|       from small pool |      27    |      31    |      69    |      42    |
|---------------------------------------------------------------------------|
| Non-releasable allocs |     229    |     268    |  288835    |  288606    |
|       from large pool |      56    |      60    |   58597    |   58541    |
|       from small pool |     173    |     214    |  230238    |  230065    |
|---------------------------------------------------------------------------|
| Oversize allocations  |       0    |       0    |       0    |       0    |
|---------------------------------------------------------------------------|
| Oversize GPU segments |       0    |       0    |       0    |       0    |
|===========================================================================|

2023-01-03 08:33:26 | WARNING | fairseq.trainer | |===========================================================================|
|                  PyTorch CUDA memory summary, device ID 3                 |
|---------------------------------------------------------------------------|
|            CUDA OOMs: 0            |        cudaMalloc retries: 0         |
|===========================================================================|
|        Metric         | Cur Usage  | Peak Usage | Tot Alloc  | Tot Freed  |
|---------------------------------------------------------------------------|
| Allocated memory      |       0 B  |       0 B  |       0 B  |       0 B  |
|       from large pool |       0 B  |       0 B  |       0 B  |       0 B  |
|       from small pool |       0 B  |       0 B  |       0 B  |       0 B  |
|---------------------------------------------------------------------------|
| Active memory         |       0 B  |       0 B  |       0 B  |       0 B  |
|       from large pool |       0 B  |       0 B  |       0 B  |       0 B  |
|       from small pool |       0 B  |       0 B  |       0 B  |       0 B  |
|---------------------------------------------------------------------------|
| GPU reserved memory   |       0 B  |       0 B  |       0 B  |       0 B  |
|       from large pool |       0 B  |       0 B  |       0 B  |       0 B  |
|       from small pool |       0 B  |       0 B  |       0 B  |       0 B  |
|---------------------------------------------------------------------------|
| Non-releasable memory |       0 B  |       0 B  |       0 B  |       0 B  |
|       from large pool |       0 B  |       0 B  |       0 B  |       0 B  |
|       from small pool |       0 B  |       0 B  |       0 B  |       0 B  |
|---------------------------------------------------------------------------|
| Allocations           |       0    |       0    |       0    |       0    |
|       from large pool |       0    |       0    |       0    |       0    |
|       from small pool |       0    |       0    |       0    |       0    |
|---------------------------------------------------------------------------|
| Active allocs         |       0    |       0    |       0    |       0    |
|       from large pool |       0    |       0    |       0    |       0    |
|       from small pool |       0    |       0    |       0    |       0    |
|---------------------------------------------------------------------------|
| GPU reserved segments |       0    |       0    |       0    |       0    |
|       from large pool |       0    |       0    |       0    |       0    |
|       from small pool |       0    |       0    |       0    |       0    |
|---------------------------------------------------------------------------|
| Non-releasable allocs |       0    |       0    |       0    |       0    |
|       from large pool |       0    |       0    |       0    |       0    |
|       from small pool |       0    |       0    |       0    |       0    |
|---------------------------------------------------------------------------|
| Oversize allocations  |       0    |       0    |       0    |       0    |
|---------------------------------------------------------------------------|
| Oversize GPU segments |       0    |       0    |       0    |       0    |
|===========================================================================|

2023-01-03 08:33:26 | WARNING | fairseq.trainer | attempting to recover from OOM in forward/backward pass
slurmstepd: error: *** JOB 2856238 ON bessemer-node030 CANCELLED AT 2023-01-03T10:47:24 ***
