Traceback (most recent call last):
  File "train.py", line 10, in <module>
    from fairseq_cli.train import cli_main
  File "/home/acp20tg/bart_ls/fairseq-py/fairseq_cli/train.py", line 28, in <module>
    from fairseq import (
  File "/home/acp20tg/bart_ls/fairseq-py/fairseq/__init__.py", line 34, in <module>
    import fairseq.models  # noqa
  File "/home/acp20tg/bart_ls/fairseq-py/fairseq/models/__init__.py", line 237, in <module>
    import_models(models_dir, "fairseq.models")
  File "/home/acp20tg/bart_ls/fairseq-py/fairseq/models/__init__.py", line 219, in import_models
    importlib.import_module(namespace + "." + model_name)
  File "/home/acp20tg/.conda/envs/bart-ls/lib/python3.8/importlib/__init__.py", line 127, in import_module
    return _bootstrap._gcd_import(name[level:], package, level)
  File "/home/acp20tg/bart_ls/fairseq-py/fairseq/models/bart/__init__.py", line 7, in <module>
    from .model import *  # noqa
  File "/home/acp20tg/bart_ls/fairseq-py/fairseq/models/bart/model.py", line 357, in <module>
    import dgl
  File "/home/acp20tg/.conda/envs/bart-ls/lib/python3.8/site-packages/dgl/__init__.py", line 16, in <module>
    from .backend import load_backend, backend_name
  File "/home/acp20tg/.conda/envs/bart-ls/lib/python3.8/site-packages/dgl/backend/__init__.py", line 109, in <module>
    load_backend(get_preferred_backend())
  File "/home/acp20tg/.conda/envs/bart-ls/lib/python3.8/site-packages/dgl/backend/__init__.py", line 43, in load_backend
    from .._ffi.base import load_tensor_adapter # imports DGL C library
  File "/home/acp20tg/.conda/envs/bart-ls/lib/python3.8/site-packages/dgl/_ffi/base.py", line 45, in <module>
    _LIB, _LIB_NAME, _DIR_NAME = _load_lib()
  File "/home/acp20tg/.conda/envs/bart-ls/lib/python3.8/site-packages/dgl/_ffi/base.py", line 35, in _load_lib
    lib = ctypes.CDLL(lib_path[0])
  File "/home/acp20tg/.conda/envs/bart-ls/lib/python3.8/ctypes/__init__.py", line 373, in __init__
    self._handle = _dlopen(self._name, mode)
OSError: libcusparse.so.11: cannot open shared object file: No such file or directory
